<?xml version="1.0" encoding="UTF-8"?>
<!-- Generated by org.testng.reporters.JUnitXMLReporter -->
<testsuite ignored="0" hostname="LTIN522336" failures="0" tests="20" name="Default test" time="0.46" errors="0" timestamp="2025-01-16T11:36:36 IST">
  <testcase classname="testpack.TestClass" name="@BeforeClass setupDriver" time="-1.737007596465E9">
    <failure type="org.testng.TestNGException" message="
Parameter &amp;apos;browser&amp;apos; is required by BeforeClass on method setupDriver but has not been marked @Optional or defined
in C:\Users\2373658\AppData\Local\Temp\testng-eclipse--513723334\testng-customsuite.xml">
      <![CDATA[org.testng.TestNGException: 
Parameter 'browser' is required by BeforeClass on method setupDriver but has not been marked @Optional or defined
in C:\Users\2373658\AppData\Local\Temp\testng-eclipse--513723334\testng-customsuite.xml
at org.testng.internal.Parameters.createParams(Parameters.java:267)
at org.testng.internal.Parameters.createParametersForMethod(Parameters.java:355)
at org.testng.internal.Parameters.createParameters(Parameters.java:693)
at org.testng.internal.Parameters.createConfigurationParameters(Parameters.java:166)
at org.testng.internal.invokers.ConfigInvoker.invokeConfigurations(ConfigInvoker.java:306)
at org.testng.internal.invokers.TestMethodWorker.invokeBeforeClassMethods(TestMethodWorker.java:180)
at org.testng.internal.invokers.TestMethodWorker.run(TestMethodWorker.java:122)
at java.base/java.util.ArrayList.forEach(ArrayList.java:1596)
at org.testng.TestRunner.privateRun(TestRunner.java:819)
at org.testng.TestRunner.run(TestRunner.java:619)
at org.testng.SuiteRunner.runTest(SuiteRunner.java:443)
at org.testng.SuiteRunner.runSequentially(SuiteRunner.java:437)
at org.testng.SuiteRunner.privateRun(SuiteRunner.java:397)
at org.testng.SuiteRunner.run(SuiteRunner.java:336)
at org.testng.SuiteRunnerWorker.runSuite(SuiteRunnerWorker.java:52)
at org.testng.SuiteRunnerWorker.run(SuiteRunnerWorker.java:95)
at org.testng.TestNG.runSuitesSequentially(TestNG.java:1301)
at org.testng.TestNG.runSuitesLocally(TestNG.java:1228)
at org.testng.TestNG.runSuites(TestNG.java:1134)
at org.testng.TestNG.run(TestNG.java:1101)
at org.testng.remote.AbstractRemoteTestNG.run(AbstractRemoteTestNG.java:115)
at org.testng.remote.RemoteTestNG.initAndRun(RemoteTestNG.java:251)
at org.testng.remote.RemoteTestNG.main(RemoteTestNG.java:77)
]]>
    </failure>
  </testcase> <!-- @BeforeClass setupDriver -->
  <testcase classname="testpack.TestClass" name="openWebsite" time="0.0">
    <skipped/>
  </testcase> <!-- openWebsite -->
  <testcase classname="testpack.TestClass" name="validateUrl" time="0.001">
    <skipped/>
  </testcase> <!-- validateUrl -->
  <testcase classname="testpack.TestClass" name="validateLogo" time="0.001">
    <skipped/>
  </testcase> <!-- validateLogo -->
  <testcase classname="testpack.TestClass" name="validateSearchBox" time="0.0">
    <skipped/>
  </testcase> <!-- validateSearchBox -->
  <testcase classname="testpack.TestClass" name="searchBikes" time="0.0">
    <skipped/>
  </testcase> <!-- searchBikes -->
  <testcase classname="testpack.TestClass" name="visitBikeLink" time="0.0">
    <skipped/>
  </testcase> <!-- visitBikeLink -->
  <testcase classname="testpack.TestClass" name="clickReadMoreOption" time="0.001">
    <skipped/>
  </testcase> <!-- clickReadMoreOption -->
  <testcase classname="testpack.TestClass" name="validateViewMoreOption" time="0.0">
    <skipped/>
  </testcase> <!-- validateViewMoreOption -->
  <testcase classname="testpack.TestClass" name="getBikeDetails" time="0.0">
    <skipped/>
  </testcase> <!-- getBikeDetails -->
  <testcase classname="testpack.TestClass" name="writeBikeData" time="0.0">
    <skipped/>
  </testcase> <!-- writeBikeData -->
  <testcase classname="testpack.TestClass" name="returnToHome" time="0.001">
    <skipped/>
  </testcase> <!-- returnToHome -->
  <testcase classname="testpack.TestClass" name="searchCar" time="0.0">
    <skipped/>
  </testcase> <!-- searchCar -->
  <testcase classname="testpack.TestClass" name="visitCarLink" time="0.0">
    <skipped/>
  </testcase> <!-- visitCarLink -->
  <testcase classname="testpack.TestClass" name="getCarDetails" time="0.001">
    <skipped/>
  </testcase> <!-- getCarDetails -->
  <testcase classname="testpack.TestClass" name="writeCarData" time="0.001">
    <skipped/>
  </testcase> <!-- writeCarData -->
  <testcase classname="testpack.TestClass" name="goToMain" time="0.0">
    <skipped/>
  </testcase> <!-- goToMain -->
  <testcase classname="testpack.TestClass" name="selectLoginButton" time="0.0">
    <skipped/>
  </testcase> <!-- selectLoginButton -->
  <testcase classname="testpack.TestClass" name="selectGoogleButton" time="0.0">
    <skipped/>
  </testcase> <!-- selectGoogleButton -->
  <testcase classname="testpack.TestClass" name="tryInvalidLogin" time="0.0">
    <skipped/>
  </testcase> <!-- tryInvalidLogin -->
  <testcase classname="testpack.TestClass" name="captureErrorMessage" time="0.0">
    <skipped/>
  </testcase> <!-- captureErrorMessage -->
</testsuite> <!-- Default test -->
